<?xml version="1.0" encoding="UTF-8"?>
<!-- Generated by org.testng.reporters.JUnitReportReporter -->
<testsuite skipped="0" hostname="DESKTOP-VF7KHNU" name="testscripts.BaseCondition" tests="1" failures="0" timestamp="11 Apr 2020 17:54:35 GMT" time="29.021" errors="0">
  <testcase name="test" time="29.021" classname="testscripts.BaseCondition"/>
</testsuite> <!-- testscripts.BaseCondition -->
