<?xml version="1.0" encoding="UTF-8"?>
<!-- Generated by org.testng.reporters.JUnitReportReporter -->
<testsuite skipped="0" hostname="DESKTOP-VF7KHNU" name="mainTest.Testing" tests="1" failures="0" timestamp="09 Apr 2020 12:22:15 GMT" time="0.013" errors="0">
  <testcase name="inTest" time="0.013" classname="mainTest.Testing"/>
</testsuite> <!-- mainTest.Testing -->
